  encodeyuvtojpg.cpp
D:\visualstudioworkspace\ffmpegPro\ffmpegPro\include\libavutil\rational.h(1,1): warning C4819:  该文件包含不能在当前代码页(936)中表示的字符。请将该文件保存为 Unicode 格式以防止数据丢失
D:\visualstudioworkspace\FFMpegPro\FFMpegPro\ffmpegPro\encodeyuvtojpg.cpp(53,5): warning C4996:  'AVStream::codec': 被声明为已否决
D:\visualstudioworkspace\ffmpegPro\ffmpegPro\include\libavformat\avformat.h(893): message :  参见“AVStream::codec”的声明
D:\visualstudioworkspace\FFMpegPro\FFMpegPro\ffmpegPro\encodeyuvtojpg.cpp(60,76): warning C4996:  'AVStream::codec': 被声明为已否决
D:\visualstudioworkspace\ffmpegPro\ffmpegPro\include\libavformat\avformat.h(893): message :  参见“AVStream::codec”的声明
D:\visualstudioworkspace\FFMpegPro\FFMpegPro\ffmpegPro\encodeyuvtojpg.cpp(137,5): warning C4267:  “=”: 从“size_t”转换到“int”，可能丢失数据
D:\visualstudioworkspace\FFMpegPro\FFMpegPro\ffmpegPro\encodeyuvtojpg.cpp(169,21): warning C4018:  “<”: 有符号/无符号不匹配
D:\visualstudioworkspace\FFMpegPro\FFMpegPro\ffmpegPro\encodeyuvtojpg.cpp(170,59): warning C4996:  'AVStream::codec': 被声明为已否决
D:\visualstudioworkspace\ffmpegPro\ffmpegPro\include\libavformat\avformat.h(893): message :  参见“AVStream::codec”的声明
D:\visualstudioworkspace\FFMpegPro\FFMpegPro\ffmpegPro\encodeyuvtojpg.cpp(89,1): warning C4996:  'fopen': This function or variable may be unsafe. Consider using fopen_s instead. To disable deprecation, use _CRT_SECURE_NO_WARNINGS. See online help for details.
D:\Windows Kits\10\Include\10.0.18362.0\ucrt\stdio.h(208): message :  参见“fopen”的声明
D:\visualstudioworkspace\FFMpegPro\FFMpegPro\ffmpegPro\encodeyuvtojpg.cpp(118,1): warning C4996:  'avpicture_get_size': 被声明为已否决
D:\visualstudioworkspace\ffmpegPro\ffmpegPro\include\libavcodec\avcodec.h(5653): message :  参见“avpicture_get_size”的声明
D:\visualstudioworkspace\FFMpegPro\FFMpegPro\ffmpegPro\encodeyuvtojpg.cpp(126,1): warning C4996:  'avpicture_fill': 被声明为已否决
D:\visualstudioworkspace\ffmpegPro\ffmpegPro\include\libavcodec\avcodec.h(5638): message :  参见“avpicture_fill”的声明
D:\visualstudioworkspace\FFMpegPro\FFMpegPro\ffmpegPro\encodeyuvtojpg.cpp(146,1): warning C4996:  'avcodec_encode_video2': 被声明为已否决
D:\visualstudioworkspace\ffmpegPro\ffmpegPro\include\libavcodec\avcodec.h(5508): message :  参见“avcodec_encode_video2”的声明
D:\visualstudioworkspace\FFMpegPro\FFMpegPro\ffmpegPro\encodeyuvtojpg.cpp(157,1): warning C4996:  'av_free_packet': 被声明为已否决
D:\visualstudioworkspace\ffmpegPro\ffmpegPro\include\libavcodec\avcodec.h(4650): message :  参见“av_free_packet”的声明
D:\visualstudioworkspace\FFMpegPro\FFMpegPro\ffmpegPro\encodeyuvtojpg.cpp(177): warning C4715:  “encodeyuvtojpg::encode”: 不是所有的控件路径都返回值
  ffmpegPro.vcxproj -> D:\visualstudioworkspace\FFMpegPro\FFMpegPro\x64\Debug\ffmpegPro.exe
